<?xml version="1.0" encoding="UTF-8"?>
<testsuite xmlns:xsi="http://www.w3.org/2001/XMLSchema-instance" xsi:noNamespaceSchemaLocation="https://maven.apache.org/surefire/maven-surefire-plugin/xsd/surefire-test-report.xsd" version="3.0.2" name="com.example.myproject.controller.MoradorControllerTest" time="4.744" tests="1" errors="0" skipped="0" failures="1">
  <properties>
[...]
</properties>
  <testcase name="testCriarMorador" classname="com.example.myproject.controller.MoradorControllerTest" time="0.555">
    <failure message="Status expected:&lt;201&gt; but was:&lt;400&gt;" type="java.lang.AssertionError"><![CDATA[java.lang.AssertionError: Status expected:<201> but was:<400>
	at org.springframework.test.util.AssertionErrors.fail(AssertionErrors.java:61)
	at org.springframework.test.util.AssertionErrors.assertEquals(AssertionErrors.java:128)
	at org.springframework.test.web.servlet.result.StatusResultMatchers.lambda$matcher$9(StatusResultMatchers.java:640)
	at org.springframework.test.web.servlet.MockMvc$1.andExpect(MockMvc.java:214)
	at com.example.myproject.controller.MoradorControllerTest.testCriarMorador(MoradorControllerTest.java:28)
	at java.base/java.lang.reflect.Method.invoke(Method.java:580)
	at java.base/java.util.ArrayList.forEach(ArrayList.java:1596)
	at java.base/java.util.ArrayList.forEach(ArrayList.java:1596)
]]></failure>
    <system-out><![CDATA[
  .   ____          _            __ _ _
 /\\ / ___'_ __ _ _(_)_ __  __ _ \ \ \ \
( ( )\___ | '_ | '_| | '_ \/ _` | \ \ \ \
 \\/  ___)| |_)| | | | | || (_| |  ) ) ) )
  '  |____| .__|_| |_|_| |_\__, | / / / /
 =========|_|==============|___/=/_/_/_/

 :: Spring Boot ::                (v3.4.4)

2025-04-28T09:38:50.101-03:00  INFO 69451 --- [spring-boot-starter-parent] [           main] c.e.m.controller.MoradorControllerTest   : Starting MoradorControllerTest using Java 21.0.7 with PID 69451 (started by joao in /home/joao/Documentos/Estudos/spring-boot-starter-parent)
2025-04-28T09:38:50.103-03:00  INFO 69451 --- [spring-boot-starter-parent] [           main] c.e.m.controller.MoradorControllerTest   : No active profile set, falling back to 1 default profile: "default"
2025-04-28T09:38:50.601-03:00  INFO 69451 --- [spring-boot-starter-parent] [           main] .s.d.r.c.RepositoryConfigurationDelegate : Bootstrapping Spring Data JPA repositories in DEFAULT mode.
2025-04-28T09:38:50.665-03:00  INFO 69451 --- [spring-boot-starter-parent] [           main] .s.d.r.c.RepositoryConfigurationDelegate : Finished Spring Data repository scanning in 55 ms. Found 13 JPA repository interfaces.
2025-04-28T09:38:50.991-03:00  INFO 69451 --- [spring-boot-starter-parent] [           main] o.hibernate.jpa.internal.util.LogHelper  : HHH000204: Processing PersistenceUnitInfo [name: default]
2025-04-28T09:38:51.029-03:00  INFO 69451 --- [spring-boot-starter-parent] [           main] org.hibernate.Version                    : HHH000412: Hibernate ORM core version 6.6.11.Final
2025-04-28T09:38:51.054-03:00  INFO 69451 --- [spring-boot-starter-parent] [           main] o.h.c.internal.RegionFactoryInitiator    : HHH000026: Second-level cache disabled
2025-04-28T09:38:51.259-03:00  INFO 69451 --- [spring-boot-starter-parent] [           main] o.s.o.j.p.SpringPersistenceUnitInfo      : No LoadTimeWeaver setup: ignoring JPA class transformer
2025-04-28T09:38:51.279-03:00  INFO 69451 --- [spring-boot-starter-parent] [           main] com.zaxxer.hikari.HikariDataSource       : HikariPool-1 - Starting...
2025-04-28T09:38:51.515-03:00  INFO 69451 --- [spring-boot-starter-parent] [           main] com.zaxxer.hikari.pool.HikariPool        : HikariPool-1 - Added connection org.postgresql.jdbc.PgConnection@64757d56
2025-04-28T09:38:51.517-03:00  INFO 69451 --- [spring-boot-starter-parent] [           main] com.zaxxer.hikari.HikariDataSource       : HikariPool-1 - Start completed.
2025-04-28T09:38:51.567-03:00  INFO 69451 --- [spring-boot-starter-parent] [           main] org.hibernate.orm.connections.pooling    : HHH10001005: Database info:
	Database JDBC URL [Connecting through datasource 'HikariDataSource (HikariPool-1)']
	Database driver: undefined/unknown
	Database version: 16.8
	Autocommit mode: undefined/unknown
	Isolation level: undefined/unknown
	Minimum pool size: undefined/unknown
	Maximum pool size: undefined/unknown
2025-04-28T09:38:52.412-03:00  INFO 69451 --- [spring-boot-starter-parent] [           main] o.h.e.t.j.p.i.JtaPlatformInitiator       : HHH000489: No JTA platform available (set 'hibernate.transaction.jta.platform' to enable JTA platform integration)
2025-04-28T09:38:53.200-03:00  INFO 69451 --- [spring-boot-starter-parent] [           main] j.LocalContainerEntityManagerFactoryBean : Initialized JPA EntityManagerFactory for persistence unit 'default'
2025-04-28T09:38:53.559-03:00  WARN 69451 --- [spring-boot-starter-parent] [           main] JpaBaseConfiguration$JpaWebConfiguration : spring.jpa.open-in-view is enabled by default. Therefore, database queries may be performed during view rendering. Explicitly configure spring.jpa.open-in-view to disable this warning
2025-04-28T09:38:53.910-03:00  INFO 69451 --- [spring-boot-starter-parent] [           main] o.s.b.t.m.w.SpringBootMockServletContext : Initializing Spring TestDispatcherServlet ''
2025-04-28T09:38:53.910-03:00  INFO 69451 --- [spring-boot-starter-parent] [           main] o.s.t.web.servlet.TestDispatcherServlet  : Initializing Servlet ''
2025-04-28T09:38:53.913-03:00  INFO 69451 --- [spring-boot-starter-parent] [           main] o.s.t.web.servlet.TestDispatcherServlet  : Completed initialization in 1 ms
2025-04-28T09:38:53.934-03:00  INFO 69451 --- [spring-boot-starter-parent] [           main] c.e.m.controller.MoradorControllerTest   : Started MoradorControllerTest in 4.048 seconds (process running for 4.982)
2025-04-28T09:38:54.454-03:00  WARN 69451 --- [spring-boot-starter-parent] [           main] o.h.engine.jdbc.spi.SqlExceptionHelper   : SQL Error: 0, SQLState: 23505
2025-04-28T09:38:54.454-03:00 ERROR 69451 --- [spring-boot-starter-parent] [           main] o.h.engine.jdbc.spi.SqlExceptionHelper   : ERROR: duplicate key value violates unique constraint "uk7wsx36n0l3mqllrhtxoio3fi4"
  Detail: Key (endereco_id)=(1) already exists.

MockHttpServletRequest:
      HTTP Method = POST
      Request URI = /moradores
       Parameters = {}
          Headers = [Content-Type:"application/json;charset=UTF-8", Content-Length:"322"]
             Body = { "nome": "João", "cpf": "123.456.789-80", "dataNascimento": "1990-01-01", "tipoMorador": "PROPRIETARIO", "unidadeId": [1], "telefoneResidencial": "1122334455", "telefoneComercial": "1133445566", "celular": "11999998888", "email": "joao@email.com", "usuario": "user1745843934282", "senha": "senha123", "enderecoId": [1] }
    Session Attrs = {}

Handler:
             Type = com.example.myproject.controller.MoradorController
           Method = com.example.myproject.controller.MoradorController#criarMorador(RawMoradorDTO)

Async:
    Async started = false
     Async result = null

Resolved Exception:
             Type = null

ModelAndView:
        View name = null
             View = null
            Model = null

FlashMap:
       Attributes = null

MockHttpServletResponse:
           Status = 400
    Error message = null
          Headers = [Content-Type:"text/plain;charset=UTF-8", Content-Length:"402"]
     Content type = text/plain;charset=UTF-8
             Body = Erro ao criar morador: Erro ao criar morador: could not execute statement [ERROR: duplicate key value violates unique constraint "uk7wsx36n0l3mqllrhtxoio3fi4"
  Detail: Key (endereco_id)=(1) already exists.] [insert into pessoa_endereco (pessoa_id_pessoa,endereco_id) values (?,?)]; SQL [insert into pessoa_endereco (pessoa_id_pessoa,endereco_id) values (?,?)]; constraint [uk7wsx36n0l3mqllrhtxoio3fi4]
    Forwarded URL = null
   Redirected URL = null
          Cookies = []
]]></system-out>
    <system-err><![CDATA[Mockito is currently self-attaching to enable the inline-mock-maker. This will no longer work in future releases of the JDK. Please add Mockito as an agent to your build what is described in Mockito's documentation: https://javadoc.io/doc/org.mockito/mockito-core/latest/org/mockito/Mockito.html#0.3
WARNING: A Java agent has been loaded dynamically (/home/joao/.m2/repository/net/bytebuddy/byte-buddy-agent/1.15.11/byte-buddy-agent-1.15.11.jar)
WARNING: If a serviceability tool is in use, please run with -XX:+EnableDynamicAgentLoading to hide this warning
WARNING: If a serviceability tool is not in use, please run with -Djdk.instrument.traceUsage for more information
WARNING: Dynamic loading of agents will be disallowed by default in a future release
]]></system-err>
  </testcase>
</testsuite>